Build started 12/21/2015 4:32:17 PM.
     1>Project "C:\Users\TungNguyen\Desktop\Bai Tap Lon LTHDT\Bai Tap Lon LTHDT\Bai Tap Lon LTHDT.vcxproj" on node 2 (Build target(s)).
     1>ClCompile:
         C:\Program Files (x86)\Microsoft Visual Studio 12.0\VC\bin\CL.exe /c /I"F:\tai lieu hoc\lập trình hướng đối tượng\string\string" /ZI /nologo /W3 /WX- /sdl /Od /Oy- /D WIN32 /D _DEBUG /D _CONSOLE /D _LIB /D _UNICODE /D UNICODE /Gm /EHsc /RTC1 /MDd /GS /fp:precise /Zc:wchar_t /Zc:forScope /Fo"Debug\\" /Fd"Debug\vc120.pdb" /Gd /TP /analyze- /errorReport:prompt "Bai Tap Lon LTHDT.cpp" DoiTuong.cpp DuLieu.cpp
         DuLieu.cpp
     1>f:\tai lieu hoc\lập trình hướng đối tượng\string\string\boost\token_functions.hpp(129): warning C4566: character represented by universal-character-name '\u1EAD' cannot be represented in the current code page (1252)
     1>f:\tai lieu hoc\lập trình hướng đối tượng\string\string\boost\token_functions.hpp(129): warning C4566: character represented by universal-character-name '\u01B0' cannot be represented in the current code page (1252)
     1>f:\tai lieu hoc\lập trình hướng đối tượng\string\string\boost\token_functions.hpp(129): warning C4566: character represented by universal-character-name '\u1EDB' cannot be represented in the current code page (1252)
     1>f:\tai lieu hoc\lập trình hướng đối tượng\string\string\boost\token_functions.hpp(129): warning C4566: character represented by universal-character-name '\u0111' cannot be represented in the current code page (1252)
     1>f:\tai lieu hoc\lập trình hướng đối tượng\string\string\boost\token_functions.hpp(129): warning C4566: character represented by universal-character-name '\u1ED1' cannot be represented in the current code page (1252)
     1>f:\tai lieu hoc\lập trình hướng đối tượng\string\string\boost\token_functions.hpp(129): warning C4566: character represented by universal-character-name '\u1EE3' cannot be represented in the current code page (1252)
     1>f:\tai lieu hoc\lập trình hướng đối tượng\string\string\boost\token_functions.hpp(147): warning C4566: character represented by universal-character-name '\u1EAD' cannot be represented in the current code page (1252)
     1>f:\tai lieu hoc\lập trình hướng đối tượng\string\string\boost\token_functions.hpp(147): warning C4566: character represented by universal-character-name '\u01B0' cannot be represented in the current code page (1252)
     1>f:\tai lieu hoc\lập trình hướng đối tượng\string\string\boost\token_functions.hpp(147): warning C4566: character represented by universal-character-name '\u1EDB' cannot be represented in the current code page (1252)
     1>f:\tai lieu hoc\lập trình hướng đối tượng\string\string\boost\token_functions.hpp(147): warning C4566: character represented by universal-character-name '\u0111' cannot be represented in the current code page (1252)
     1>f:\tai lieu hoc\lập trình hướng đối tượng\string\string\boost\token_functions.hpp(147): warning C4566: character represented by universal-character-name '\u1ED1' cannot be represented in the current code page (1252)
     1>f:\tai lieu hoc\lập trình hướng đối tượng\string\string\boost\token_functions.hpp(147): warning C4566: character represented by universal-character-name '\u1EE3' cannot be represented in the current code page (1252)
         Generating Code...
     1>c:\users\tungnguyen\desktop\bai tap lon lthdt\bai tap lon lthdt\dulieu.cpp(161): warning C4715: 'DuLieu::layDiem' : not all control paths return a value
         Skipping... (no relevant changes detected)
         DoiTuong.cpp
         Bai Tap Lon LTHDT.cpp
       Link:
         C:\Program Files (x86)\Microsoft Visual Studio 12.0\VC\bin\link.exe /ERRORREPORT:PROMPT /OUT:"C:\Users\TungNguyen\Desktop\Bai Tap Lon LTHDT\Debug\Bai Tap Lon LTHDT.exe" /INCREMENTAL /NOLOGO kernel32.lib user32.lib gdi32.lib winspool.lib comdlg32.lib advapi32.lib shell32.lib ole32.lib oleaut32.lib uuid.lib odbc32.lib odbccp32.lib /MANIFEST /MANIFESTUAC:"level='asInvoker' uiAccess='false'" /manifest:embed /DEBUG /PDB:"C:\Users\TungNguyen\Desktop\Bai Tap Lon LTHDT\Debug\Bai Tap Lon LTHDT.pdb" /SUBSYSTEM:CONSOLE /TLBID:1 /DYNAMICBASE /NXCOMPAT /IMPLIB:"C:\Users\TungNguyen\Desktop\Bai Tap Lon LTHDT\Debug\Bai Tap Lon LTHDT.lib" /MACHINE:X86 "Debug\Bai Tap Lon LTHDT.obj"
         Debug\DoiTuong.obj
         Debug\DuLieu.obj
         Debug\sqlite3.obj
         Bai Tap Lon LTHDT.vcxproj -> C:\Users\TungNguyen\Desktop\Bai Tap Lon LTHDT\Debug\Bai Tap Lon LTHDT.exe
     1>Done Building Project "C:\Users\TungNguyen\Desktop\Bai Tap Lon LTHDT\Bai Tap Lon LTHDT\Bai Tap Lon LTHDT.vcxproj" (Build target(s)).

Build succeeded.

Time Elapsed 00:00:10.88
